<html>
<body>
<pre>
<h1>µVision Build Log</h1>
<h2>Tool Versions:</h2>
IDE-Version: µVision V5.29.0.0
Copyright (C) 2019 ARM Ltd and ARM Germany GmbH. All rights reserved.
License Information: Rahul sg, Manipal, LIC=----
 
Tool Versions:
Toolchain:       MDK-Lite  Version: 5.29.0.0
Toolchain Path:  C:\Keil_v5\ARM\ARMCC\Bin
C Compiler:      Armcc.exe V5.06 update 6 (build 750)
Assembler:       Armasm.exe V5.06 update 6 (build 750)
Linker/Locator:  ArmLink.exe V5.06 update 6 (build 750)
Library Manager: ArmAr.exe V5.06 update 6 (build 750)
Hex Converter:   FromElf.exe V5.06 update 6 (build 750)
CPU DLL:         SARM.DLL V5.29.0.0
Dialog DLL:      DARMP.DLL V1.53.0.0 
<h2>Project:</h2>
C:\Users\MSIS\Documents\GitHub\ACA-LAB-ASSIGMENT\ACAAssignment1.uvproj
Project File Date:  11/14/2022

<h2>Output:</h2>
*** Using Compiler 'V5.06 update 6 (build 750)', folder: 'C:\Keil_v5\ARM\ARMCC\Bin'
Build target 'Target 1'
assembling 32bitadd.s...
32bitadd.s(4): error: A1647E: Bad register name symbol, expected Integer register
32bitadd.s(5): error: A1114E: Expected register relative expression
32bitadd.s(6): error: A1647E: Bad register name symbol, expected Integer register
32bitadd.s(7): error: A1114E: Expected register relative expression
".\Objects\ACAAssignment1.axf" - 4 Error(s), 0 Warning(s).
Target not created.
Build Time Elapsed:  00:00:00
</pre>
</body>
</html>
